{"customTag":"my-custom-tag","level":"info","message":"Hello from Winston + Fastify!","requestId":"req-1","timestamp":"2024-12-23T05:38:59.020Z"}
{"level":"info","message":"application started","timestamp":"2024-12-23T05:41:24.894Z"}
{"customTag":"my-custom-tag","level":"info","message":"Hello from Winston + Fastify!","requestId":"req-1","timestamp":"2024-12-23T05:41:33.107Z"}
{"contentLength":"17","ip":"::1","level":"info","message":"http-response","method":"GET","requestId":"req-1","responseTime":9.898000001907349,"status":200,"timestamp":"2024-12-23T05:41:33.114Z","url":"/"}
{"customTag":"my-custom-tag","level":"info","message":"Hello from Winston + Fastify!","requestId":"req-2","timestamp":"2024-12-23T05:41:51.021Z"}
{"contentLength":"17","ip":"::1","level":"info","message":"http-response","method":"GET","requestId":"req-2","responseTime":2.5765419006347656,"status":200,"timestamp":"2024-12-23T05:41:51.024Z","url":"/"}
{"level":"info","message":"application started","timestamp":"2024-12-23T05:44:31.389Z"}
{"customTag":"my-custom-tag","level":"info","message":"Hello from Winston + Fastify!","requestId":"f252895f-1311-4657-aa41-a4d9aedc54f9","timestamp":"2024-12-23T05:44:41.014Z"}
{"contentLength":"17","ip":"::1","level":"info","message":"http-response","method":"GET","requestId":"f252895f-1311-4657-aa41-a4d9aedc54f9","responseTime":7.660624980926514,"status":200,"timestamp":"2024-12-23T05:44:41.020Z","url":"/"}
{"contentLength":"793","ip":"::1","level":"info","message":"http-response","method":"GET","requestId":"c8199d72-f941-45d1-aeb8-fc25e614bb2c","responseTime":0.7932088375091553,"status":200,"timestamp":"2024-12-23T05:45:01.755Z","url":"/docs"}
{"contentLength":"19756","ip":"::1","level":"info","message":"http-response","method":"GET","requestId":"37cc4ece-3d05-457b-b422-262b2aef9f04","responseTime":1.4780840873718262,"status":200,"timestamp":"2024-12-23T05:45:01.780Z","url":"/docs/static/swagger-initializer.js"}
{"ip":"::1","level":"info","message":"http-response","method":"GET","requestId":"ab96eb90-76fc-45cd-909d-d45f860baa8b","responseTime":8.42233395576477,"status":304,"timestamp":"2024-12-23T05:45:01.792Z","url":"/docs/static/swagger-ui.css"}
{"ip":"::1","level":"info","message":"http-response","method":"GET","requestId":"d2c68fc5-0510-4715-80ce-e5fdd2766ae4","responseTime":8.048207998275757,"status":304,"timestamp":"2024-12-23T05:45:01.795Z","url":"/docs/static/index.css"}
{"ip":"::1","level":"info","message":"http-response","method":"GET","requestId":"ca1ff82d-7f9a-4729-8670-64f04d6de9ab","responseTime":3.106917142868042,"status":304,"timestamp":"2024-12-23T05:45:01.797Z","url":"/docs/static/swagger-ui-standalone-preset.js"}
{"ip":"::1","level":"info","message":"http-response","method":"GET","requestId":"f89780a0-3d60-4c56-afdc-83c9aeff5b1c","responseTime":1.905791997909546,"status":304,"timestamp":"2024-12-23T05:45:01.798Z","url":"/docs/static/swagger-ui-bundle.js"}
{"contentLength":"106","ip":"::1","level":"info","message":"http-response","method":"GET","requestId":"58c06415-f366-4844-aaa3-e3569e708dba","responseTime":2.6611249446868896,"status":200,"timestamp":"2024-12-23T05:45:01.900Z","url":"/docs/json"}
{"level":"info","message":"application started","timestamp":"2024-12-23T05:49:01.329Z"}
{"level":"info","message":"application started","timestamp":"2024-12-23T05:50:19.313Z"}
{"level":"info","message":"application started","timestamp":"2024-12-23T05:50:26.000Z"}
{"level":"info","message":"application started","timestamp":"2024-12-23T05:50:56.899Z"}
{"level":"info","message":"application started","timestamp":"2024-12-23T05:51:06.781Z"}
{"level":"info","message":"application started","timestamp":"2024-12-23T05:51:35.786Z"}
{"level":"info","message":"application started","timestamp":"2024-12-23T05:51:42.659Z"}
{"level":"info","message":"application started","timestamp":"2024-12-23T05:51:43.738Z"}
{"level":"info","message":"application started","timestamp":"2024-12-23T05:52:06.287Z"}
{"level":"info","message":"application started","timestamp":"2024-12-23T05:52:33.122Z"}
{"level":"info","message":"application started","timestamp":"2024-12-23T05:52:49.665Z"}
{"level":"info","message":"application started","timestamp":"2024-12-23T05:53:13.552Z"}
{"level":"info","message":"application started","timestamp":"2024-12-23T05:53:18.987Z"}
{"level":"info","message":"application started","timestamp":"2024-12-23T05:53:24.169Z"}
{"level":"info","message":"application started","timestamp":"2024-12-23T05:53:35.069Z"}
{"level":"info","message":"application started","timestamp":"2024-12-23T05:54:20.905Z"}
{"level":"info","message":"application started","timestamp":"2024-12-23T05:54:43.021Z"}
{"level":"info","message":"application started","timestamp":"2024-12-23T05:56:25.354Z"}
{"level":"info","message":"Shutting down gracefully...","timestamp":"2024-12-23T05:56:53.759Z"}
{"level":"info","message":"application started","timestamp":"2024-12-23T05:56:54.069Z"}
{"level":"info","message":"shutting down gracefully...","timestamp":"2024-12-23T05:57:17.664Z"}
{"level":"info","message":"application started","timestamp":"2024-12-23T05:57:18.006Z"}
{"level":"info","message":"shutting down gracefully...","timestamp":"2024-12-23T05:57:18.257Z"}
{"level":"info","message":"application started","timestamp":"2024-12-23T05:57:18.446Z"}
{"level":"info","message":"shutting down gracefully...","timestamp":"2024-12-23T05:58:34.647Z"}
{"level":"info","message":"application started on port: 3000","timestamp":"2024-12-23T05:58:34.999Z"}
{"level":"info","message":"shutting down gracefully...","timestamp":"2024-12-23T05:59:09.081Z"}
{"level":"info","message":"application started on port: 3000","timestamp":"2024-12-23T05:59:09.527Z"}
{"level":"info","message":"shutting down gracefully...","timestamp":"2024-12-23T05:59:45.985Z"}
{"level":"info","message":"application started on port: 3000","timestamp":"2024-12-23T05:59:46.330Z"}
{"level":"info","message":"shutting down gracefully...","timestamp":"2024-12-23T05:59:46.418Z"}
{"level":"info","message":"application started on port: 3000","timestamp":"2024-12-23T05:59:46.605Z"}
{"level":"info","message":"shutting down gracefully...","timestamp":"2024-12-23T05:59:50.913Z"}
{"level":"info","message":"application started on port: 3000","timestamp":"2024-12-23T05:59:51.126Z"}
{"level":"info","message":"shutting down gracefully...","timestamp":"2024-12-23T05:59:51.779Z"}
{"level":"info","message":"application started on port: 3000","timestamp":"2024-12-23T05:59:51.971Z"}
{"level":"info","message":"shutting down gracefully...","timestamp":"2024-12-23T06:58:05.618Z"}
{"level":"info","message":"application started on port: 3000","timestamp":"2024-12-23T06:58:06.132Z"}
{"level":"info","message":"shutting down gracefully...","timestamp":"2024-12-23T06:59:42.650Z"}
{"level":"info","message":"application started on port: 3000","timestamp":"2024-12-23T06:59:42.989Z"}
{"level":"info","message":"shutting down gracefully...","timestamp":"2024-12-23T07:00:13.283Z"}
{"level":"info","message":"application started on port: 3000","timestamp":"2024-12-23T07:01:28.000Z"}
{"level":"info","message":"shutting down gracefully...","timestamp":"2024-12-23T07:01:50.188Z"}
{"level":"info","message":"application started on port: 3000","timestamp":"2024-12-23T07:01:50.669Z"}
{"level":"info","message":"shutting down gracefully...","timestamp":"2024-12-23T07:01:52.022Z"}
{"level":"info","message":"application started on port: 3000","timestamp":"2024-12-23T07:01:52.316Z"}
{"level":"info","message":"shutting down gracefully...","timestamp":"2024-12-23T07:02:50.270Z"}
{"level":"info","message":"application started on port: 3000","timestamp":"2024-12-23T07:02:50.788Z"}
{"level":"info","message":"shutting down gracefully...","timestamp":"2024-12-23T07:03:28.133Z"}
{"level":"info","message":"shutting down gracefully...","timestamp":"2024-12-23T07:03:35.344Z"}
{"level":"info","message":"application started on port: 3000","timestamp":"2024-12-23T07:03:35.627Z"}
{"level":"info","message":"shutting down gracefully...","timestamp":"2024-12-23T07:04:55.169Z"}
{"level":"info","message":"application started on port: 3000","timestamp":"2024-12-23T07:04:55.754Z"}
{"level":"info","message":"shutting down gracefully...","timestamp":"2024-12-23T07:08:16.329Z"}
{"level":"info","message":"shutting down gracefully...","timestamp":"2024-12-23T07:08:16.842Z"}
{"level":"info","message":"application started on port: 3000","timestamp":"2024-12-23T07:08:17.162Z"}
{"level":"info","message":"shutting down gracefully...","timestamp":"2024-12-23T07:08:43.488Z"}
{"level":"info","message":"application started on port: 3000","timestamp":"2024-12-23T07:08:46.611Z"}
{"level":"info","message":"shutting down gracefully...","timestamp":"2024-12-23T07:08:59.601Z"}
{"level":"info","message":"application started on port: 3000","timestamp":"2024-12-23T07:09:00.094Z"}
{"level":"info","message":"shutting down gracefully...","timestamp":"2024-12-23T07:09:03.233Z"}
{"level":"info","message":"application started on port: 3000","timestamp":"2024-12-23T07:09:03.563Z"}
{"level":"info","message":"shutting down gracefully...","timestamp":"2024-12-23T07:09:10.292Z"}
{"level":"info","message":"application started on port: 3000","timestamp":"2024-12-23T07:09:10.675Z"}
{"level":"info","message":"shutting down gracefully...","timestamp":"2024-12-23T07:09:11.075Z"}
{"level":"info","message":"application started on port: 3000","timestamp":"2024-12-23T07:09:11.363Z"}
{"level":"info","message":"shutting down gracefully...","timestamp":"2024-12-23T07:09:23.176Z"}
{"level":"info","message":"application started on port: 3000","timestamp":"2024-12-23T07:09:23.663Z"}
{"level":"info","message":"shutting down gracefully...","timestamp":"2024-12-23T07:09:34.589Z"}
{"level":"info","message":"shutting down gracefully...","timestamp":"2024-12-23T07:15:19.446Z"}
{"level":"info","message":"shutting down gracefully...","timestamp":"2024-12-23T07:15:19.718Z"}
{"level":"info","message":"application started on port: 3000","timestamp":"2024-12-23T07:16:19.290Z"}
{"level":"info","message":"shutting down gracefully...","timestamp":"2024-12-23T07:16:22.673Z"}
{"level":"info","message":"shutting down gracefully...","timestamp":"2024-12-23T07:16:55.789Z"}
{"date":"Mon Dec 23 2024 04:17:02 GMT-0300 (Brasilia Standard Time)","error":{"code":"FST_ERR_ROUTE_BODY_VALIDATION_SCHEMA_NOT_SUPPORTED","message":"Body validation schema for GET:/users route is not supported!","name":"FastifyError","statusCode":500},"level":"error","message":"unhandledRejection: Body validation schema for GET:/users route is not supported!\nFastifyError: Body validation schema for GET:/users route is not supported!\n    at Object.validateSchemaBodyOption (/Users/rodalladea/catapio/portim/node_modules/.pnpm/fastify@5.2.0/node_modules/fastify/lib/route.js:547:11)\n    at Object.route (/Users/rodalladea/catapio/portim/node_modules/.pnpm/fastify@5.2.0/node_modules/fastify/lib/route.js:216:32)\n    at Object.prepareRoute (/Users/rodalladea/catapio/portim/node_modules/.pnpm/fastify@5.2.0/node_modules/fastify/lib/route.js:147:18)\n    at Object._get [as get] (/Users/rodalladea/catapio/portim/node_modules/.pnpm/fastify@5.2.0/node_modules/fastify/fastify.js:261:34)\n    at routes (/Users/rodalladea/catapio/portim/src/routes.ts:14:9)\n    at Plugin.exec (/Users/rodalladea/catapio/portim/node_modules/.pnpm/avvio@9.1.0/node_modules/avvio/lib/plugin.js:125:28)\n    at Boot._loadPlugin (/Users/rodalladea/catapio/portim/node_modules/.pnpm/avvio@9.1.0/node_modules/avvio/boot.js:432:10)\n    at process.processTicksAndRejections (node:internal/process/task_queues:82:21)","os":{"loadavg":[1.15771484375,1.87841796875,1.77978515625],"uptime":1238223},"process":{"argv":["/Users/rodalladea/.local/share/nvm/v20.17.0/bin/node","/Users/rodalladea/catapio/portim/src/server.ts"],"cwd":"/Users/rodalladea/catapio/portim","execPath":"/Users/rodalladea/.local/share/nvm/v20.17.0/bin/node","gid":20,"memoryUsage":{"arrayBuffers":92819,"external":3705228,"heapTotal":33046528,"heapUsed":18725144,"rss":98484224},"pid":99594,"uid":501,"version":"v20.17.0"},"rejection":true,"stack":"FastifyError: Body validation schema for GET:/users route is not supported!\n    at Object.validateSchemaBodyOption (/Users/rodalladea/catapio/portim/node_modules/.pnpm/fastify@5.2.0/node_modules/fastify/lib/route.js:547:11)\n    at Object.route (/Users/rodalladea/catapio/portim/node_modules/.pnpm/fastify@5.2.0/node_modules/fastify/lib/route.js:216:32)\n    at Object.prepareRoute (/Users/rodalladea/catapio/portim/node_modules/.pnpm/fastify@5.2.0/node_modules/fastify/lib/route.js:147:18)\n    at Object._get [as get] (/Users/rodalladea/catapio/portim/node_modules/.pnpm/fastify@5.2.0/node_modules/fastify/fastify.js:261:34)\n    at routes (/Users/rodalladea/catapio/portim/src/routes.ts:14:9)\n    at Plugin.exec (/Users/rodalladea/catapio/portim/node_modules/.pnpm/avvio@9.1.0/node_modules/avvio/lib/plugin.js:125:28)\n    at Boot._loadPlugin (/Users/rodalladea/catapio/portim/node_modules/.pnpm/avvio@9.1.0/node_modules/avvio/boot.js:432:10)\n    at process.processTicksAndRejections (node:internal/process/task_queues:82:21)","timestamp":"2024-12-23T07:17:02.964Z","trace":[{"column":11,"file":"/Users/rodalladea/catapio/portim/node_modules/.pnpm/fastify@5.2.0/node_modules/fastify/lib/route.js","function":"Object.validateSchemaBodyOption","line":547,"method":"validateSchemaBodyOption","native":false},{"column":32,"file":"/Users/rodalladea/catapio/portim/node_modules/.pnpm/fastify@5.2.0/node_modules/fastify/lib/route.js","function":"Object.route","line":216,"method":"route","native":false},{"column":18,"file":"/Users/rodalladea/catapio/portim/node_modules/.pnpm/fastify@5.2.0/node_modules/fastify/lib/route.js","function":"Object.prepareRoute","line":147,"method":"prepareRoute","native":false},{"column":34,"file":"/Users/rodalladea/catapio/portim/node_modules/.pnpm/fastify@5.2.0/node_modules/fastify/fastify.js","function":"Object._get [as get]","line":261,"method":"_get [as get]","native":false},{"column":9,"file":"/Users/rodalladea/catapio/portim/src/routes.ts","function":"routes","line":14,"method":null,"native":false},{"column":28,"file":"/Users/rodalladea/catapio/portim/node_modules/.pnpm/avvio@9.1.0/node_modules/avvio/lib/plugin.js","function":"Plugin.exec","line":125,"method":"exec","native":false},{"column":10,"file":"/Users/rodalladea/catapio/portim/node_modules/.pnpm/avvio@9.1.0/node_modules/avvio/boot.js","function":"Boot._loadPlugin","line":432,"method":"_loadPlugin","native":false},{"column":21,"file":"node:internal/process/task_queues","function":"process.processTicksAndRejections","line":82,"method":"processTicksAndRejections","native":false}]}
{"date":"Mon Dec 23 2024 04:17:28 GMT-0300 (Brasilia Standard Time)","error":{"code":"FST_ERR_ROUTE_BODY_VALIDATION_SCHEMA_NOT_SUPPORTED","message":"Body validation schema for GET:/users route is not supported!","name":"FastifyError","statusCode":500},"level":"error","message":"unhandledRejection: Body validation schema for GET:/users route is not supported!\nFastifyError: Body validation schema for GET:/users route is not supported!\n    at Object.validateSchemaBodyOption (/Users/rodalladea/catapio/portim/node_modules/.pnpm/fastify@5.2.0/node_modules/fastify/lib/route.js:547:11)\n    at Object.route (/Users/rodalladea/catapio/portim/node_modules/.pnpm/fastify@5.2.0/node_modules/fastify/lib/route.js:216:32)\n    at Object.prepareRoute (/Users/rodalladea/catapio/portim/node_modules/.pnpm/fastify@5.2.0/node_modules/fastify/lib/route.js:147:18)\n    at Object._get [as get] (/Users/rodalladea/catapio/portim/node_modules/.pnpm/fastify@5.2.0/node_modules/fastify/fastify.js:261:34)\n    at routes (/Users/rodalladea/catapio/portim/src/routes.ts:14:9)\n    at Plugin.exec (/Users/rodalladea/catapio/portim/node_modules/.pnpm/avvio@9.1.0/node_modules/avvio/lib/plugin.js:125:28)\n    at Boot._loadPlugin (/Users/rodalladea/catapio/portim/node_modules/.pnpm/avvio@9.1.0/node_modules/avvio/boot.js:432:10)\n    at process.processTicksAndRejections (node:internal/process/task_queues:82:21)","os":{"loadavg":[1.1708984375,1.8232421875,1.76123046875],"uptime":1238249},"process":{"argv":["/Users/rodalladea/.local/share/nvm/v20.17.0/bin/node","/Users/rodalladea/catapio/portim/src/server.ts"],"cwd":"/Users/rodalladea/catapio/portim","execPath":"/Users/rodalladea/.local/share/nvm/v20.17.0/bin/node","gid":20,"memoryUsage":{"arrayBuffers":92611,"external":3705028,"heapTotal":32784384,"heapUsed":18572024,"rss":88719360},"pid":99858,"uid":501,"version":"v20.17.0"},"rejection":true,"stack":"FastifyError: Body validation schema for GET:/users route is not supported!\n    at Object.validateSchemaBodyOption (/Users/rodalladea/catapio/portim/node_modules/.pnpm/fastify@5.2.0/node_modules/fastify/lib/route.js:547:11)\n    at Object.route (/Users/rodalladea/catapio/portim/node_modules/.pnpm/fastify@5.2.0/node_modules/fastify/lib/route.js:216:32)\n    at Object.prepareRoute (/Users/rodalladea/catapio/portim/node_modules/.pnpm/fastify@5.2.0/node_modules/fastify/lib/route.js:147:18)\n    at Object._get [as get] (/Users/rodalladea/catapio/portim/node_modules/.pnpm/fastify@5.2.0/node_modules/fastify/fastify.js:261:34)\n    at routes (/Users/rodalladea/catapio/portim/src/routes.ts:14:9)\n    at Plugin.exec (/Users/rodalladea/catapio/portim/node_modules/.pnpm/avvio@9.1.0/node_modules/avvio/lib/plugin.js:125:28)\n    at Boot._loadPlugin (/Users/rodalladea/catapio/portim/node_modules/.pnpm/avvio@9.1.0/node_modules/avvio/boot.js:432:10)\n    at process.processTicksAndRejections (node:internal/process/task_queues:82:21)","timestamp":"2024-12-23T07:17:28.907Z","trace":[{"column":11,"file":"/Users/rodalladea/catapio/portim/node_modules/.pnpm/fastify@5.2.0/node_modules/fastify/lib/route.js","function":"Object.validateSchemaBodyOption","line":547,"method":"validateSchemaBodyOption","native":false},{"column":32,"file":"/Users/rodalladea/catapio/portim/node_modules/.pnpm/fastify@5.2.0/node_modules/fastify/lib/route.js","function":"Object.route","line":216,"method":"route","native":false},{"column":18,"file":"/Users/rodalladea/catapio/portim/node_modules/.pnpm/fastify@5.2.0/node_modules/fastify/lib/route.js","function":"Object.prepareRoute","line":147,"method":"prepareRoute","native":false},{"column":34,"file":"/Users/rodalladea/catapio/portim/node_modules/.pnpm/fastify@5.2.0/node_modules/fastify/fastify.js","function":"Object._get [as get]","line":261,"method":"_get [as get]","native":false},{"column":9,"file":"/Users/rodalladea/catapio/portim/src/routes.ts","function":"routes","line":14,"method":null,"native":false},{"column":28,"file":"/Users/rodalladea/catapio/portim/node_modules/.pnpm/avvio@9.1.0/node_modules/avvio/lib/plugin.js","function":"Plugin.exec","line":125,"method":"exec","native":false},{"column":10,"file":"/Users/rodalladea/catapio/portim/node_modules/.pnpm/avvio@9.1.0/node_modules/avvio/boot.js","function":"Boot._loadPlugin","line":432,"method":"_loadPlugin","native":false},{"column":21,"file":"node:internal/process/task_queues","function":"process.processTicksAndRejections","line":82,"method":"processTicksAndRejections","native":false}]}
{"date":"Mon Dec 23 2024 04:18:00 GMT-0300 (Brasilia Standard Time)","error":{"code":"FST_ERR_ROUTE_BODY_VALIDATION_SCHEMA_NOT_SUPPORTED","message":"Body validation schema for GET:/users route is not supported!","name":"FastifyError","statusCode":500},"level":"error","message":"unhandledRejection: Body validation schema for GET:/users route is not supported!\nFastifyError: Body validation schema for GET:/users route is not supported!\n    at Object.validateSchemaBodyOption (/Users/rodalladea/catapio/portim/node_modules/.pnpm/fastify@5.2.0/node_modules/fastify/lib/route.js:547:11)\n    at Object.route (/Users/rodalladea/catapio/portim/node_modules/.pnpm/fastify@5.2.0/node_modules/fastify/lib/route.js:216:32)\n    at Object.prepareRoute (/Users/rodalladea/catapio/portim/node_modules/.pnpm/fastify@5.2.0/node_modules/fastify/lib/route.js:147:18)\n    at Object._get [as get] (/Users/rodalladea/catapio/portim/node_modules/.pnpm/fastify@5.2.0/node_modules/fastify/fastify.js:261:34)\n    at routes (/Users/rodalladea/catapio/portim/src/routes.ts:14:9)\n    at Plugin.exec (/Users/rodalladea/catapio/portim/node_modules/.pnpm/avvio@9.1.0/node_modules/avvio/lib/plugin.js:125:28)\n    at Boot._loadPlugin (/Users/rodalladea/catapio/portim/node_modules/.pnpm/avvio@9.1.0/node_modules/avvio/boot.js:432:10)\n    at process.processTicksAndRejections (node:internal/process/task_queues:82:21)","os":{"loadavg":[1.189453125,1.77294921875,1.74365234375],"uptime":1238281},"process":{"argv":["/Users/rodalladea/.local/share/nvm/v20.17.0/bin/node","/Users/rodalladea/catapio/portim/src/server.ts"],"cwd":"/Users/rodalladea/catapio/portim","execPath":"/Users/rodalladea/.local/share/nvm/v20.17.0/bin/node","gid":20,"memoryUsage":{"arrayBuffers":92611,"external":3705028,"heapTotal":32522240,"heapUsed":18492648,"rss":89440256},"pid":335,"uid":501,"version":"v20.17.0"},"rejection":true,"stack":"FastifyError: Body validation schema for GET:/users route is not supported!\n    at Object.validateSchemaBodyOption (/Users/rodalladea/catapio/portim/node_modules/.pnpm/fastify@5.2.0/node_modules/fastify/lib/route.js:547:11)\n    at Object.route (/Users/rodalladea/catapio/portim/node_modules/.pnpm/fastify@5.2.0/node_modules/fastify/lib/route.js:216:32)\n    at Object.prepareRoute (/Users/rodalladea/catapio/portim/node_modules/.pnpm/fastify@5.2.0/node_modules/fastify/lib/route.js:147:18)\n    at Object._get [as get] (/Users/rodalladea/catapio/portim/node_modules/.pnpm/fastify@5.2.0/node_modules/fastify/fastify.js:261:34)\n    at routes (/Users/rodalladea/catapio/portim/src/routes.ts:14:9)\n    at Plugin.exec (/Users/rodalladea/catapio/portim/node_modules/.pnpm/avvio@9.1.0/node_modules/avvio/lib/plugin.js:125:28)\n    at Boot._loadPlugin (/Users/rodalladea/catapio/portim/node_modules/.pnpm/avvio@9.1.0/node_modules/avvio/boot.js:432:10)\n    at process.processTicksAndRejections (node:internal/process/task_queues:82:21)","timestamp":"2024-12-23T07:18:00.307Z","trace":[{"column":11,"file":"/Users/rodalladea/catapio/portim/node_modules/.pnpm/fastify@5.2.0/node_modules/fastify/lib/route.js","function":"Object.validateSchemaBodyOption","line":547,"method":"validateSchemaBodyOption","native":false},{"column":32,"file":"/Users/rodalladea/catapio/portim/node_modules/.pnpm/fastify@5.2.0/node_modules/fastify/lib/route.js","function":"Object.route","line":216,"method":"route","native":false},{"column":18,"file":"/Users/rodalladea/catapio/portim/node_modules/.pnpm/fastify@5.2.0/node_modules/fastify/lib/route.js","function":"Object.prepareRoute","line":147,"method":"prepareRoute","native":false},{"column":34,"file":"/Users/rodalladea/catapio/portim/node_modules/.pnpm/fastify@5.2.0/node_modules/fastify/fastify.js","function":"Object._get [as get]","line":261,"method":"_get [as get]","native":false},{"column":9,"file":"/Users/rodalladea/catapio/portim/src/routes.ts","function":"routes","line":14,"method":null,"native":false},{"column":28,"file":"/Users/rodalladea/catapio/portim/node_modules/.pnpm/avvio@9.1.0/node_modules/avvio/lib/plugin.js","function":"Plugin.exec","line":125,"method":"exec","native":false},{"column":10,"file":"/Users/rodalladea/catapio/portim/node_modules/.pnpm/avvio@9.1.0/node_modules/avvio/boot.js","function":"Boot._loadPlugin","line":432,"method":"_loadPlugin","native":false},{"column":21,"file":"node:internal/process/task_queues","function":"process.processTicksAndRejections","line":82,"method":"processTicksAndRejections","native":false}]}
{"level":"info","message":"application started on port: 3000","timestamp":"2024-12-23T07:18:37.925Z"}
{"contentLength":"793","ip":"::1","level":"info","message":"http-response","method":"GET","requestId":"202673c7-304a-4c54-96fb-a4dced4f1d0b","responseTime":2.853959083557129,"status":200,"timestamp":"2024-12-23T07:18:45.638Z","url":"/docs"}
{"contentLength":"19756","ip":"::1","level":"info","message":"http-response","method":"GET","requestId":"f73f24eb-a8a2-492f-a645-b3b22e7a39f8","responseTime":0.818666934967041,"status":200,"timestamp":"2024-12-23T07:18:45.682Z","url":"/docs/static/swagger-initializer.js"}
{"ip":"::1","level":"info","message":"http-response","method":"GET","requestId":"92ff14ec-3d8c-46c1-8215-8ac44ed591ed","responseTime":6.18808388710022,"status":304,"timestamp":"2024-12-23T07:18:45.690Z","url":"/docs/static/swagger-ui.css"}
{"ip":"::1","level":"info","message":"http-response","method":"GET","requestId":"29cf137c-524a-422d-b013-575e0920e5ed","responseTime":6.5280420780181885,"status":304,"timestamp":"2024-12-23T07:18:45.693Z","url":"/docs/static/index.css"}
{"ip":"::1","level":"info","message":"http-response","method":"GET","requestId":"bd422acb-d40e-437d-afb7-ad515e392fb8","responseTime":2.6048338413238525,"status":304,"timestamp":"2024-12-23T07:18:45.694Z","url":"/docs/static/swagger-ui-bundle.js"}
{"ip":"::1","level":"info","message":"http-response","method":"GET","requestId":"f9701996-fe1b-44c8-af0f-50964b0bb181","responseTime":1.7577080726623535,"status":304,"timestamp":"2024-12-23T07:18:45.697Z","url":"/docs/static/swagger-ui-standalone-preset.js"}
{"contentLength":"570","ip":"::1","level":"info","message":"http-response","method":"GET","requestId":"917e3948-a66d-4ae2-999a-85977d597b1f","responseTime":12.668334007263184,"status":200,"timestamp":"2024-12-23T07:18:45.831Z","url":"/docs/json"}
{"contentLength":"1034","ip":"::1","level":"info","message":"http-response","method":"GET","requestId":"f8f8dcfe-d50d-4526-9cf2-5cb19ad38188","responseTime":0.5889580249786377,"status":200,"timestamp":"2024-12-23T07:18:45.849Z","url":"/docs/static/theme/favicon.png"}
{"contentLength":"0","ip":"::1","level":"info","message":"http-response","method":"POST","requestId":"440aea72-071a-48bc-be85-f52cb8c3827f","responseTime":5.588250160217285,"status":201,"timestamp":"2024-12-23T07:19:44.142Z","url":"/users"}
{"contentLength":"105","ip":"::1","level":"info","message":"http-response","method":"POST","requestId":"28507035-d3d3-4a16-a3fe-2e5ecc84195e","responseTime":3.4385831356048584,"status":400,"timestamp":"2024-12-23T07:19:51.112Z","url":"/users"}
{"level":"info","message":"shutting down gracefully...","timestamp":"2024-12-23T07:21:08.388Z"}
{"level":"info","message":"application started on port: 3000","timestamp":"2024-12-23T07:21:08.962Z"}
{"level":"info","message":"shutting down gracefully...","timestamp":"2024-12-23T07:21:22.752Z"}
{"level":"info","message":"application started on port: 3000","timestamp":"2024-12-23T07:21:23.241Z"}
{"level":"info","message":"shutting down gracefully...","timestamp":"2024-12-23T07:21:23.258Z"}
{"level":"info","message":"application started on port: 3000","timestamp":"2024-12-23T07:21:23.534Z"}
{"level":"info","message":"shutting down gracefully...","timestamp":"2024-12-23T07:22:09.979Z"}
{"level":"info","message":"application started on port: 3000","timestamp":"2024-12-23T07:22:10.572Z"}
{"level":"info","message":"shutting down gracefully...","timestamp":"2024-12-23T07:22:15.752Z"}
{"level":"info","message":"application started on port: 3000","timestamp":"2024-12-23T07:22:16.059Z"}
{"contentLength":"793","ip":"::1","level":"info","message":"http-response","method":"GET","requestId":"62be8df1-7385-4a0f-988f-880a00d7b9e4","responseTime":5.054500102996826,"status":200,"timestamp":"2024-12-23T07:22:37.256Z","url":"/docs"}
{"contentLength":"19756","ip":"::1","level":"info","message":"http-response","method":"GET","requestId":"11674c2d-6f6f-4e0d-9d36-49176a4d29b5","responseTime":0.6936252117156982,"status":200,"timestamp":"2024-12-23T07:22:37.275Z","url":"/docs/static/swagger-initializer.js"}
{"ip":"::1","level":"info","message":"http-response","method":"GET","requestId":"c69617e1-e67a-4da9-9ede-a3dda6466a21","responseTime":6.1470420360565186,"status":304,"timestamp":"2024-12-23T07:22:37.283Z","url":"/docs/static/index.css"}
{"ip":"::1","level":"info","message":"http-response","method":"GET","requestId":"a1ec5982-485a-4f39-9da6-f2f3ec645537","responseTime":7.012875080108643,"status":304,"timestamp":"2024-12-23T07:22:37.286Z","url":"/docs/static/swagger-ui.css"}
{"ip":"::1","level":"info","message":"http-response","method":"GET","requestId":"112ffc18-5a03-4380-b787-3dc04624eca5","responseTime":3.5227088928222656,"status":304,"timestamp":"2024-12-23T07:22:37.288Z","url":"/docs/static/swagger-ui-bundle.js"}
{"ip":"::1","level":"info","message":"http-response","method":"GET","requestId":"3bad87af-6344-400e-ae74-8e4153b684af","responseTime":2.962625026702881,"status":304,"timestamp":"2024-12-23T07:22:37.290Z","url":"/docs/static/swagger-ui-standalone-preset.js"}
{"contentLength":"570","ip":"::1","level":"info","message":"http-response","method":"GET","requestId":"423f3c8c-292a-4771-bfcb-ddb443e3014f","responseTime":9.744750022888184,"status":200,"timestamp":"2024-12-23T07:22:37.394Z","url":"/docs/json"}
{"contentLength":"1034","ip":"::1","level":"info","message":"http-response","method":"GET","requestId":"f279b26f-95ac-4a9c-87e4-abd26c4768d7","responseTime":0.5170841217041016,"status":200,"timestamp":"2024-12-23T07:22:37.395Z","url":"/docs/static/theme/favicon.png"}
{"contentLength":"793","ip":"::1","level":"info","message":"http-response","method":"GET","requestId":"665de2ee-ded6-45a8-a0f5-be813d5d5621","responseTime":0.6807079315185547,"status":200,"timestamp":"2024-12-23T07:23:11.672Z","url":"/docs"}
{"contentLength":"19756","ip":"::1","level":"info","message":"http-response","method":"GET","requestId":"981ec093-4a7f-48bb-8756-054014df0658","responseTime":0.8472909927368164,"status":200,"timestamp":"2024-12-23T07:23:11.703Z","url":"/docs/static/swagger-initializer.js"}
{"ip":"::1","level":"info","message":"http-response","method":"GET","requestId":"fb311f03-c24e-49bc-945f-3f40aa1a2222","responseTime":1.6283748149871826,"status":304,"timestamp":"2024-12-23T07:23:11.706Z","url":"/docs/static/index.css"}
{"ip":"::1","level":"info","message":"http-response","method":"GET","requestId":"b5184c46-e788-4592-a61d-e300ec592289","responseTime":2.168416976928711,"status":304,"timestamp":"2024-12-23T07:23:11.707Z","url":"/docs/static/swagger-ui.css"}
{"ip":"::1","level":"info","message":"http-response","method":"GET","requestId":"b2f31ac0-3997-4029-9f90-dc7704fca250","responseTime":1.1625001430511475,"status":304,"timestamp":"2024-12-23T07:23:11.709Z","url":"/docs/static/swagger-ui-bundle.js"}
{"ip":"::1","level":"info","message":"http-response","method":"GET","requestId":"0e4968f8-b0bb-4cef-b710-e6b3a2cadc1d","responseTime":1.917875051498413,"status":304,"timestamp":"2024-12-23T07:23:11.710Z","url":"/docs/static/swagger-ui-standalone-preset.js"}
{"contentLength":"570","ip":"::1","level":"info","message":"http-response","method":"GET","requestId":"aa2c2405-ab54-4dee-99e4-bcd70c2199c0","responseTime":0.6318750381469727,"status":200,"timestamp":"2024-12-23T07:23:11.746Z","url":"/docs/json"}
{"contentLength":"793","ip":"::1","level":"info","message":"http-response","method":"GET","requestId":"6320bd78-9fb6-4f97-8e8c-59161249c7cd","responseTime":1.3684170246124268,"status":200,"timestamp":"2024-12-23T07:23:13.932Z","url":"/docs"}
{"contentLength":"19756","ip":"::1","level":"info","message":"http-response","method":"GET","requestId":"90d9365c-19be-441d-a7bd-ad07fefd472f","responseTime":0.28845906257629395,"status":200,"timestamp":"2024-12-23T07:23:13.960Z","url":"/docs/static/swagger-initializer.js"}
{"contentLength":202,"ip":"::1","level":"info","message":"http-response","method":"GET","requestId":"2869d7bd-d097-4c9b-97ab-f53ac81283d2","responseTime":4.847167015075684,"status":200,"timestamp":"2024-12-23T07:23:13.963Z","url":"/docs/static/index.css"}
{"contentLength":152031,"ip":"::1","level":"info","message":"http-response","method":"GET","requestId":"1de60015-fa5d-4799-a868-1a33ca966382","responseTime":8.60254192352295,"status":200,"timestamp":"2024-12-23T07:23:13.966Z","url":"/docs/static/swagger-ui.css"}
{"contentLength":230007,"ip":"::1","level":"info","message":"http-response","method":"GET","requestId":"7d89c9d5-c70f-4afc-a422-3130cc6e2be0","responseTime":8.311042070388794,"status":200,"timestamp":"2024-12-23T07:23:13.967Z","url":"/docs/static/swagger-ui-standalone-preset.js"}
{"contentLength":1426050,"ip":"::1","level":"info","message":"http-response","method":"GET","requestId":"89480329-1cd6-4e9f-a326-b9b0096858c3","responseTime":12.730291843414307,"status":200,"timestamp":"2024-12-23T07:23:13.972Z","url":"/docs/static/swagger-ui-bundle.js"}
{"contentLength":"570","ip":"::1","level":"info","message":"http-response","method":"GET","requestId":"f4ef2b14-aed4-44ff-b4ec-91622929ee08","responseTime":0.6747081279754639,"status":200,"timestamp":"2024-12-23T07:23:14.026Z","url":"/docs/json"}
{"contentLength":"1034","ip":"::1","level":"info","message":"http-response","method":"GET","requestId":"18850dcb-c0b1-478f-ab0f-dcf26fa013bb","responseTime":0.3946669101715088,"status":200,"timestamp":"2024-12-23T07:23:14.028Z","url":"/docs/static/theme/favicon.png"}
{"level":"info","message":"shutting down gracefully...","timestamp":"2024-12-23T07:23:22.392Z"}
{"level":"info","message":"application started on port: 3000","timestamp":"2024-12-23T07:23:22.879Z"}
{"level":"info","message":"shutting down gracefully...","timestamp":"2024-12-23T07:23:40.791Z"}
{"level":"info","message":"application started on port: 3000","timestamp":"2024-12-23T07:23:41.245Z"}
{"level":"info","message":"shutting down gracefully...","timestamp":"2024-12-23T07:23:57.205Z"}
{"level":"info","message":"application started on port: 3000","timestamp":"2024-12-23T07:23:57.714Z"}
{"level":"info","message":"shutting down gracefully...","timestamp":"2024-12-23T07:24:01.671Z"}
{"level":"info","message":"application started on port: 3000","timestamp":"2024-12-23T07:24:02.035Z"}
{"level":"info","message":"shutting down gracefully...","timestamp":"2024-12-23T07:24:02.080Z"}
{"level":"info","message":"application started on port: 3000","timestamp":"2024-12-23T07:24:02.356Z"}
{"contentLength":"793","ip":"::1","level":"info","message":"http-response","method":"GET","requestId":"c48b8f27-cca2-41f0-b1a2-dd97932d2147","responseTime":8.238916873931885,"status":200,"timestamp":"2024-12-23T07:24:08.901Z","url":"/docs"}
{"contentLength":"19756","ip":"::1","level":"info","message":"http-response","method":"GET","requestId":"a5849f46-c740-48a7-a143-0ebf7e062c9b","responseTime":0.8789999485015869,"status":200,"timestamp":"2024-12-23T07:24:08.911Z","url":"/docs/static/swagger-initializer.js"}
{"ip":"::1","level":"info","message":"http-response","method":"GET","requestId":"9537e794-94c0-43f7-b279-d58cd824434e","responseTime":5.695124864578247,"status":304,"timestamp":"2024-12-23T07:24:08.918Z","url":"/docs/static/index.css"}
{"ip":"::1","level":"info","message":"http-response","method":"GET","requestId":"80bb2bfd-076e-4c4d-8782-c08fc9ebd898","responseTime":5.69950008392334,"status":304,"timestamp":"2024-12-23T07:24:08.920Z","url":"/docs/static/swagger-ui.css"}
{"ip":"::1","level":"info","message":"http-response","method":"GET","requestId":"1cfc65b6-f368-4764-94c5-5a4afabfcb5f","responseTime":1.0534160137176514,"status":304,"timestamp":"2024-12-23T07:24:08.922Z","url":"/docs/static/swagger-ui-bundle.js"}
{"ip":"::1","level":"info","message":"http-response","method":"GET","requestId":"15cecc9d-d002-4cda-9bd8-d81375b61409","responseTime":0.7406671047210693,"status":304,"timestamp":"2024-12-23T07:24:08.923Z","url":"/docs/static/swagger-ui-standalone-preset.js"}
{"contentLength":"907","ip":"::1","level":"info","message":"http-response","method":"GET","requestId":"411f7bec-0e8c-4eab-9ff8-d6f84715258d","responseTime":8.931833028793335,"status":200,"timestamp":"2024-12-23T07:24:09.019Z","url":"/docs/json"}
{"contentLength":"1034","ip":"::1","level":"info","message":"http-response","method":"GET","requestId":"b7d81bd8-325d-461d-b6ef-dd1de7787e2b","responseTime":0.3882908821105957,"status":200,"timestamp":"2024-12-23T07:24:09.021Z","url":"/docs/static/theme/favicon.png"}
{"contentLength":"907","ip":"::1","level":"info","message":"http-response","method":"GET","requestId":"5c585a57-eb8b-4dee-9079-131633757251","responseTime":1.7299590110778809,"status":200,"timestamp":"2024-12-23T07:26:55.632Z","url":"/docs/json"}
{"contentLength":"907","ip":"::1","level":"info","message":"http-response","method":"GET","requestId":"91538fa8-7045-4382-a973-e002e255cd1f","responseTime":1.0773749351501465,"status":200,"timestamp":"2024-12-23T07:26:58.460Z","url":"/docs/json"}
{"contentLength":"83","ip":"::1","level":"info","message":"http-response","method":"GET","requestId":"42de6437-c19a-4650-9644-f3fde9f19d13","responseTime":0.6676251888275146,"status":404,"timestamp":"2024-12-23T07:26:58.632Z","url":"/favicon.ico"}
{"level":"info","message":"shutting down gracefully...","timestamp":"2024-12-23T07:28:07.407Z"}
